<?xml version="1.0" encoding="UTF-8"?>
<robot generator="Robot 6.1.1 (Python 3.8.8 on win32)" generated="20231120 10:04:39.793" rpa="false" schemaversion="4">
<suite id="s1" name="Test" source="c:\Users\OMISTAJA\anaconda3\testausta\testit\test.robot">
<test id="s1-t1" name="Login and Logout User with Password" line="25">
<kw name="Open Browser" library="SeleniumLibrary">
<arg>${login_url}</arg>
<arg>Chrome</arg>
<doc>Opens a new browser instance to the optional ``url``.</doc>
<msg timestamp="20231120 10:04:41.081" level="INFO">Opening browser 'Chrome' to base url 'http://localhost:8000/accounts/login/'.</msg>
<status status="PASS" starttime="20231120 10:04:41.078" endtime="20231120 10:04:47.047"/>
</kw>
<kw name="Login User">
<kw name="Input Text" library="SeleniumLibrary">
<arg>id=id_username</arg>
<arg>${username}</arg>
<doc>Types the given ``text`` into the text field identified by ``locator``.</doc>
<msg timestamp="20231120 10:04:47.130" level="INFO">Typing text 'tester1' into text field 'id=id_username'.</msg>
<status status="PASS" starttime="20231120 10:04:47.127" endtime="20231120 10:04:47.811"/>
</kw>
<kw name="Input Password" library="SeleniumLibrary">
<arg>id=id_password</arg>
<arg>${password}</arg>
<doc>Types the given password into the text field identified by ``locator``.</doc>
<msg timestamp="20231120 10:04:47.815" level="INFO">Typing password into text field 'id=id_password'.</msg>
<msg timestamp="20231120 10:04:47.904" level="INFO">Temporally setting log level to: NONE</msg>
<msg timestamp="20231120 10:04:48.040" level="INFO">Log level changed from NONE to INFO.</msg>
<status status="PASS" starttime="20231120 10:04:47.812" endtime="20231120 10:04:48.041"/>
</kw>
<kw name="Click Button" library="SeleniumLibrary">
<arg>xpath=/html/body/main/form/button</arg>
<doc>Clicks the button identified by ``locator``.</doc>
<msg timestamp="20231120 10:04:48.044" level="INFO">Clicking button 'xpath=/html/body/main/form/button'.</msg>
<status status="PASS" starttime="20231120 10:04:48.041" endtime="20231120 10:04:50.257"/>
</kw>
<status status="PASS" starttime="20231120 10:04:47.126" endtime="20231120 10:04:50.258"/>
</kw>
<kw name="Sleep" library="BuiltIn">
<arg>3 seconds</arg>
<doc>Pauses the test executed for the given time.</doc>
<msg timestamp="20231120 10:04:53.283" level="INFO">Slept 3 seconds</msg>
<status status="PASS" starttime="20231120 10:04:50.267" endtime="20231120 10:04:53.284"/>
</kw>
<kw name="Logout User">
<kw name="Click Link" library="SeleniumLibrary">
<arg>xpath=/html/body/main/p/a</arg>
<doc>Clicks a link identified by ``locator``.</doc>
<msg timestamp="20231120 10:04:53.301" level="INFO">Clicking link 'xpath=/html/body/main/p/a'.</msg>
<status status="PASS" starttime="20231120 10:04:53.298" endtime="20231120 10:04:53.836"/>
</kw>
<status status="PASS" starttime="20231120 10:04:53.296" endtime="20231120 10:04:53.837"/>
</kw>
<kw name="Sleep" library="BuiltIn">
<arg>2 seconds</arg>
<doc>Pauses the test executed for the given time.</doc>
<msg timestamp="20231120 10:04:55.927" level="INFO">Slept 2 seconds</msg>
<status status="PASS" starttime="20231120 10:04:53.919" endtime="20231120 10:04:55.929"/>
</kw>
<kw name="Close Browser" library="SeleniumLibrary" type="TEARDOWN">
<doc>Closes the current browser.</doc>
<status status="PASS" starttime="20231120 10:04:55.974" endtime="20231120 10:04:59.688"/>
</kw>
<status status="PASS" starttime="20231120 10:04:41.075" endtime="20231120 10:04:59.692"/>
</test>
<test id="s1-t2" name="Login User with Password Add Note and Check Note exists" line="33">
<kw name="Open Browser" library="SeleniumLibrary">
<arg>${add_notes_url}</arg>
<arg>Chrome</arg>
<doc>Opens a new browser instance to the optional ``url``.</doc>
<msg timestamp="20231120 10:04:59.701" level="INFO">Opening browser 'Chrome' to base url 'http://localhost:8000/notes/add'.</msg>
<status status="PASS" starttime="20231120 10:04:59.698" endtime="20231120 10:05:05.405"/>
</kw>
<kw name="Sleep" library="BuiltIn">
<arg>3 seconds</arg>
<doc>Pauses the test executed for the given time.</doc>
<msg timestamp="20231120 10:05:08.478" level="INFO">Slept 3 seconds</msg>
<status status="PASS" starttime="20231120 10:05:05.465" endtime="20231120 10:05:08.479"/>
</kw>
<kw name="Login User">
<kw name="Input Text" library="SeleniumLibrary">
<arg>id=id_username</arg>
<arg>${username}</arg>
<doc>Types the given ``text`` into the text field identified by ``locator``.</doc>
<msg timestamp="20231120 10:05:08.500" level="INFO">Typing text 'tester1' into text field 'id=id_username'.</msg>
<status status="PASS" starttime="20231120 10:05:08.497" endtime="20231120 10:05:08.975"/>
</kw>
<kw name="Input Password" library="SeleniumLibrary">
<arg>id=id_password</arg>
<arg>${password}</arg>
<doc>Types the given password into the text field identified by ``locator``.</doc>
<msg timestamp="20231120 10:05:08.977" level="INFO">Typing password into text field 'id=id_password'.</msg>
<msg timestamp="20231120 10:05:09.081" level="INFO">Temporally setting log level to: NONE</msg>
<msg timestamp="20231120 10:05:09.258" level="INFO">Log level changed from NONE to INFO.</msg>
<status status="PASS" starttime="20231120 10:05:08.975" endtime="20231120 10:05:09.258"/>
</kw>
<kw name="Click Button" library="SeleniumLibrary">
<arg>xpath=/html/body/main/form/button</arg>
<doc>Clicks the button identified by ``locator``.</doc>
<msg timestamp="20231120 10:05:09.261" level="INFO">Clicking button 'xpath=/html/body/main/form/button'.</msg>
<status status="PASS" starttime="20231120 10:05:09.259" endtime="20231120 10:05:11.453"/>
</kw>
<status status="PASS" starttime="20231120 10:05:08.496" endtime="20231120 10:05:11.454"/>
</kw>
<kw name="Add Note">
<kw name="Input Text" library="SeleniumLibrary">
<arg>id=id_subject</arg>
<arg>Test Sample Note</arg>
<doc>Types the given ``text`` into the text field identified by ``locator``.</doc>
<msg timestamp="20231120 10:05:11.463" level="INFO">Typing text 'Test Sample Note' into text field 'id=id_subject'.</msg>
<status status="PASS" starttime="20231120 10:05:11.462" endtime="20231120 10:05:11.708"/>
</kw>
<kw name="Input Text" library="SeleniumLibrary">
<arg>id=id_text</arg>
<arg>Testing.....</arg>
<doc>Types the given ``text`` into the text field identified by ``locator``.</doc>
<msg timestamp="20231120 10:05:11.711" level="INFO">Typing text 'Testing.....' into text field 'id=id_text'.</msg>
<status status="PASS" starttime="20231120 10:05:11.708" endtime="20231120 10:05:11.898"/>
</kw>
<kw name="Input Text" library="SeleniumLibrary">
<arg>xpath=//*[@id="id_date"]</arg>
<arg>2023-11-18</arg>
<doc>Types the given ``text`` into the text field identified by ``locator``.</doc>
<msg timestamp="20231120 10:05:11.901" level="INFO">Typing text '2023-11-18' into text field 'xpath=//*[@id="id_date"]'.</msg>
<status status="PASS" starttime="20231120 10:05:11.898" endtime="20231120 10:05:12.137"/>
</kw>
<kw name="Input Text" library="SeleniumLibrary">
<arg>id=id_userid</arg>
<arg>2</arg>
<doc>Types the given ``text`` into the text field identified by ``locator``.</doc>
<msg timestamp="20231120 10:05:12.140" level="INFO">Typing text '2' into text field 'id=id_userid'.</msg>
<status status="PASS" starttime="20231120 10:05:12.138" endtime="20231120 10:05:12.370"/>
</kw>
<kw name="Click Button" library="SeleniumLibrary">
<arg>xpath=/html/body/form/input[2]</arg>
<doc>Clicks the button identified by ``locator``.</doc>
<msg timestamp="20231120 10:05:12.373" level="INFO">Clicking button 'xpath=/html/body/form/input[2]'.</msg>
<status status="PASS" starttime="20231120 10:05:12.371" endtime="20231120 10:05:13.137"/>
</kw>
<status status="PASS" starttime="20231120 10:05:11.460" endtime="20231120 10:05:13.138"/>
</kw>
<kw name="Go To" library="SeleniumLibrary">
<arg>${notes_url}</arg>
<doc>Navigates the current browser window to the provided ``url``.</doc>
<msg timestamp="20231120 10:05:13.193" level="INFO">Opening url 'http://localhost:8000/notes'</msg>
<status status="PASS" starttime="20231120 10:05:13.191" endtime="20231120 10:05:13.406"/>
</kw>
<kw name="Check Note exists">
<kw name="Page Should Contain Element" library="SeleniumLibrary">
<arg>xpath=/html/body/ul/li[6]</arg>
<doc>Verifies that element ``locator`` is found on the current page.</doc>
<msg timestamp="20231120 10:05:13.583" level="INFO">Current page contains element 'xpath=/html/body/ul/li[6]'.</msg>
<status status="PASS" starttime="20231120 10:05:13.440" endtime="20231120 10:05:13.584"/>
</kw>
<status status="PASS" starttime="20231120 10:05:13.438" endtime="20231120 10:05:13.584"/>
</kw>
<kw name="Sleep" library="BuiltIn">
<arg>2 seconds</arg>
<doc>Pauses the test executed for the given time.</doc>
<msg timestamp="20231120 10:05:15.606" level="INFO">Slept 2 seconds</msg>
<status status="PASS" starttime="20231120 10:05:13.600" endtime="20231120 10:05:15.607"/>
</kw>
<kw name="Close All Browsers" library="SeleniumLibrary">
<doc>Closes all open browsers and resets the browser cache.</doc>
<status status="PASS" starttime="20231120 10:05:15.616" endtime="20231120 10:05:24.141"/>
</kw>
<status status="PASS" starttime="20231120 10:04:59.696" endtime="20231120 10:05:24.152"/>
</test>
<test id="s1-t3" name="Login Admin User and Add New User" line="43">
<kw name="Open Browser" library="SeleniumLibrary">
<arg>${admin_url}</arg>
<arg>Chrome</arg>
<doc>Opens a new browser instance to the optional ``url``.</doc>
<msg timestamp="20231120 10:05:24.160" level="INFO">Opening browser 'Chrome' to base url 'http://localhost:8000/admin'.</msg>
<status status="PASS" starttime="20231120 10:05:24.158" endtime="20231120 10:05:29.721"/>
</kw>
<kw name="Sleep" library="BuiltIn">
<arg>3 seconds</arg>
<doc>Pauses the test executed for the given time.</doc>
<msg timestamp="20231120 10:05:32.760" level="INFO">Slept 3 seconds</msg>
<status status="PASS" starttime="20231120 10:05:29.755" endtime="20231120 10:05:32.761"/>
</kw>
<kw name="Login admin_username">
<kw name="Input Text" library="SeleniumLibrary">
<arg>id=id_username</arg>
<arg>${admin_username}</arg>
<doc>Types the given ``text`` into the text field identified by ``locator``.</doc>
<msg timestamp="20231120 10:05:32.781" level="INFO">Typing text 'admin' into text field 'id=id_username'.</msg>
<status status="PASS" starttime="20231120 10:05:32.778" endtime="20231120 10:05:33.004"/>
</kw>
<kw name="Input Password" library="SeleniumLibrary">
<arg>id=id_password</arg>
<arg>${admin_password}</arg>
<doc>Types the given password into the text field identified by ``locator``.</doc>
<msg timestamp="20231120 10:05:33.007" level="INFO">Typing password into text field 'id=id_password'.</msg>
<msg timestamp="20231120 10:05:33.096" level="INFO">Temporally setting log level to: NONE</msg>
<msg timestamp="20231120 10:05:33.226" level="INFO">Log level changed from NONE to INFO.</msg>
<status status="PASS" starttime="20231120 10:05:33.005" endtime="20231120 10:05:33.227"/>
</kw>
<kw name="Click Element" library="SeleniumLibrary">
<arg>xpath=//*[@id="login-form"]/div[3]/input</arg>
<doc>Click the element identified by ``locator``.</doc>
<msg timestamp="20231120 10:05:33.231" level="INFO">Clicking element 'xpath=//*[@id="login-form"]/div[3]/input'.</msg>
<status status="PASS" starttime="20231120 10:05:33.228" endtime="20231120 10:05:34.848"/>
</kw>
<status status="PASS" starttime="20231120 10:05:32.774" endtime="20231120 10:05:34.849"/>
</kw>
<kw name="Go To" library="SeleniumLibrary">
<arg>http://localhost:8000/admin/auth/user/add/</arg>
<doc>Navigates the current browser window to the provided ``url``.</doc>
<msg timestamp="20231120 10:05:34.858" level="INFO">Opening url 'http://localhost:8000/admin/auth/user/add/'</msg>
<status status="PASS" starttime="20231120 10:05:34.855" endtime="20231120 10:05:35.084"/>
</kw>
<kw name="Add User">
<kw name="Input Text" library="SeleniumLibrary">
<arg>id=id_username</arg>
<arg>${testusername}</arg>
<doc>Types the given ``text`` into the text field identified by ``locator``.</doc>
<msg timestamp="20231120 10:05:35.139" level="INFO">Typing text 'tester3' into text field 'id=id_username'.</msg>
<status status="PASS" starttime="20231120 10:05:35.136" endtime="20231120 10:05:35.682"/>
</kw>
<kw name="Input Password" library="SeleniumLibrary">
<arg>id=id_password1</arg>
<arg>${testerpassword}</arg>
<doc>Types the given password into the text field identified by ``locator``.</doc>
<msg timestamp="20231120 10:05:35.686" level="INFO">Typing password into text field 'id=id_password1'.</msg>
<msg timestamp="20231120 10:05:35.843" level="INFO">Temporally setting log level to: NONE</msg>
<msg timestamp="20231120 10:05:35.995" level="INFO">Log level changed from NONE to INFO.</msg>
<status status="PASS" starttime="20231120 10:05:35.683" endtime="20231120 10:05:35.996"/>
</kw>
<kw name="Input Password" library="SeleniumLibrary">
<arg>id=id_password2</arg>
<arg>${testerpassword}</arg>
<doc>Types the given password into the text field identified by ``locator``.</doc>
<msg timestamp="20231120 10:05:36.000" level="INFO">Typing password into text field 'id=id_password2'.</msg>
<msg timestamp="20231120 10:05:36.099" level="INFO">Temporally setting log level to: NONE</msg>
<msg timestamp="20231120 10:05:36.309" level="INFO">Log level changed from NONE to INFO.</msg>
<status status="PASS" starttime="20231120 10:05:35.997" endtime="20231120 10:05:36.309"/>
</kw>
<kw name="Click Element" library="SeleniumLibrary">
<arg>name=_save</arg>
<doc>Click the element identified by ``locator``.</doc>
<msg timestamp="20231120 10:05:36.313" level="INFO">Clicking element 'name=_save'.</msg>
<status status="PASS" starttime="20231120 10:05:36.311" endtime="20231120 10:05:38.831"/>
</kw>
<kw name="Sleep" library="BuiltIn">
<arg>10 seconds</arg>
<doc>Pauses the test executed for the given time.</doc>
<msg timestamp="20231120 10:05:48.839" level="INFO">Slept 10 seconds</msg>
<status status="PASS" starttime="20231120 10:05:38.831" endtime="20231120 10:05:48.845"/>
</kw>
<status status="PASS" starttime="20231120 10:05:35.135" endtime="20231120 10:05:48.845"/>
</kw>
<kw name="Sleep" library="BuiltIn">
<arg>2 seconds</arg>
<doc>Pauses the test executed for the given time.</doc>
<msg timestamp="20231120 10:05:50.897" level="INFO">Slept 2 seconds</msg>
<status status="PASS" starttime="20231120 10:05:48.878" endtime="20231120 10:05:50.898"/>
</kw>
<kw name="Add Userinfo">
<kw name="Input Text" library="SeleniumLibrary">
<arg>id=id_first_name</arg>
<arg>${testerFirstname}</arg>
<doc>Types the given ``text`` into the text field identified by ``locator``.</doc>
<msg timestamp="20231120 10:05:50.951" level="INFO">Typing text 'test3' into text field 'id=id_first_name'.</msg>
<status status="PASS" starttime="20231120 10:05:50.909" endtime="20231120 10:05:51.188"/>
</kw>
<kw name="Input Text" library="SeleniumLibrary">
<arg>id=id_last_name</arg>
<arg>${testerLastname}</arg>
<doc>Types the given ``text`` into the text field identified by ``locator``.</doc>
<msg timestamp="20231120 10:05:51.192" level="INFO">Typing text 'user' into text field 'id=id_last_name'.</msg>
<status status="PASS" starttime="20231120 10:05:51.189" endtime="20231120 10:05:51.543"/>
</kw>
<kw name="Input Text" library="SeleniumLibrary">
<arg>id=id_email</arg>
<arg>${testerEmail}</arg>
<doc>Types the given ``text`` into the text field identified by ``locator``.</doc>
<msg timestamp="20231120 10:05:51.547" level="INFO">Typing text 'test3.user@localhost.localhost' into text field 'id=id_email'.</msg>
<status status="PASS" starttime="20231120 10:05:51.545" endtime="20231120 10:05:52.060"/>
</kw>
<kw name="Click Element" library="SeleniumLibrary">
<arg>name=_save</arg>
<doc>Click the element identified by ``locator``.</doc>
<msg timestamp="20231120 10:05:52.064" level="INFO">Clicking element 'name=_save'.</msg>
<status status="PASS" starttime="20231120 10:05:52.062" endtime="20231120 10:05:52.606"/>
</kw>
<kw name="Sleep" library="BuiltIn">
<arg>10 seconds</arg>
<doc>Pauses the test executed for the given time.</doc>
<msg timestamp="20231120 10:06:02.620" level="INFO">Slept 10 seconds</msg>
<status status="PASS" starttime="20231120 10:05:52.607" endtime="20231120 10:06:02.621"/>
</kw>
<status status="PASS" starttime="20231120 10:05:50.907" endtime="20231120 10:06:02.622"/>
</kw>
<kw name="Go To" library="SeleniumLibrary">
<arg>http://localhost:8000/admin/auth/user/</arg>
<doc>Navigates the current browser window to the provided ``url``.</doc>
<msg timestamp="20231120 10:06:02.626" level="INFO">Opening url 'http://localhost:8000/admin/auth/user/'</msg>
<status status="PASS" starttime="20231120 10:06:02.625" endtime="20231120 10:06:02.820"/>
</kw>
<kw name="Page Should Contain Link" library="SeleniumLibrary">
<arg>xpath=//*[@id="result_list"]/tbody/tr[3]/th/a</arg>
<arg>${testusername}</arg>
<doc>Verifies link identified by ``locator`` is found from current page.</doc>
<msg timestamp="20231120 10:06:02.910" level="INFO">Current page contains link 'xpath=//*[@id="result_list"]/tbody/tr[3]/th/a'.</msg>
<status status="PASS" starttime="20231120 10:06:02.822" endtime="20231120 10:06:02.910"/>
</kw>
<kw name="Close Browser" library="SeleniumLibrary" type="TEARDOWN">
<doc>Closes the current browser.</doc>
<status status="PASS" starttime="20231120 10:06:02.926" endtime="20231120 10:06:05.584"/>
</kw>
<status status="PASS" starttime="20231120 10:05:24.155" endtime="20231120 10:06:05.587"/>
</test>
<doc>Robot Selenium Example</doc>
<status status="PASS" starttime="20231120 10:04:39.807" endtime="20231120 10:06:05.593"/>
</suite>
<statistics>
<total>
<stat pass="3" fail="0" skip="0">All Tests</stat>
</total>
<tag>
</tag>
<suite>
<stat pass="3" fail="0" skip="0" id="s1" name="Test">Test</stat>
</suite>
</statistics>
<errors>
</errors>
</robot>
